<?xml version="1.0" encoding="UTF-8"?>
<!-- Generated by org.testng.reporters.JUnitReportReporter -->
<testsuite hostname="CPD-yfatallah" name="GmailSignInTest" tests="2" failures="0" timestamp="29 Dec 2016 10:51:25 GMT" time="19.457" errors="0">
  <testcase name="gmailLoginSuccessful" time="9.044" classname="GmailSignInTest"/>
  <testcase name="gmailSendAndReceiveEmailTest" time="10.413" classname="GmailSignInTest"/>
</testsuite> <!-- GmailSignInTest -->
