<?xml version="1.0" encoding="UTF-8"?>
<!-- Generated by org.testng.reporters.JUnitReportReporter -->
<testsuite hostname="CPD-yfatallah" name="GmailSignInTest" tests="1" failures="0" timestamp="28 Dec 2016 11:46:59 GMT" time="8.903" errors="0">
  <testcase name="gmailLoginSuccessful" time="8.903" classname="GmailSignInTest"/>
</testsuite> <!-- GmailSignInTest -->
